<?xml version="1.0" encoding="UTF-8"?>
<!-- Generated by org.testng.reporters.JUnitReportReporter -->
<testsuite skipped="0" hostname="DESKTOP-J9VQ03L" name="com.crm.qa.TestCases.LoginPageTest" tests="3" failures="0" timestamp="2019-09-23T20:00:11 EDT" time="75.343" errors="0">
  <testcase name="loginPageTitletest" time="20.129" classname="com.crm.qa.TestCases.LoginPageTest"/>
  <testcase name="crmlogoimagetest" time="19.497" classname="com.crm.qa.TestCases.LoginPageTest"/>
  <testcase name="loginTest" time="35.717" classname="com.crm.qa.TestCases.LoginPageTest"/>
</testsuite> <!-- com.crm.qa.TestCases.LoginPageTest -->
