<?xml version="1.0" encoding="UTF-8"?>
<!-- Generated by org.testng.reporters.JUnitReportReporter -->
<testsuite skipped="0" hostname="DESKTOP-J9VQ03L" name="com.crm.qa.TestCases.LoginPageTestCase" tests="3" failures="0" timestamp="10 Sep 2019 18:27:21 GMT" time="76.881" errors="0">
  <testcase name="loginPageTitletest" time="19.479" classname="com.crm.qa.TestCases.LoginPageTestCase"/>
  <testcase name="crmlogoimagetest" time="15.930" classname="com.crm.qa.TestCases.LoginPageTestCase"/>
  <testcase name="loginTest" time="41.472" classname="com.crm.qa.TestCases.LoginPageTestCase"/>
</testsuite> <!-- com.crm.qa.TestCases.LoginPageTestCase -->
